\BOOKMARK [1][-]{section.1}{Varmajafnv\346gi}{}% 1
\BOOKMARK [2][-]{subsection.1.1}{}{section.1}% 2
\BOOKMARK [2][-]{subsection.1.2}{}{section.1}% 3
\BOOKMARK [2][-]{subsection.1.3}{}{section.1}% 4
\BOOKMARK [2][-]{subsection.1.4}{}{section.1}% 5
\BOOKMARK [1][-]{section.2}{Strauj\341rni\360 hennar M\366mmu}{}% 6
\BOOKMARK [2][-]{subsection.2.1}{}{section.2}% 7
\BOOKMARK [2][-]{subsection.2.2}{}{section.2}% 8
\BOOKMARK [2][-]{subsection.2.3}{}{section.2}% 9
\BOOKMARK [1][-]{section.3}{Dirichlet verkefni\360 \341 r\351tthyrningi}{}% 10
\BOOKMARK [2][-]{subsection.3.1}{}{section.3}% 11
\BOOKMARK [2][-]{subsection.3.2}{}{section.3}% 12
\BOOKMARK [2][-]{subsection.3.3}{}{section.3}% 13
\BOOKMARK [2][-]{subsection.3.4}{}{section.3}% 14
\BOOKMARK [2][-]{subsection.3.5}{}{section.3}% 15
\BOOKMARK [2][-]{subsection.3.6}{}{section.3}% 16
\BOOKMARK [1][-]{section.4}{L\341gmarksfletir}{}% 17
\BOOKMARK [2][-]{subsection.4.1}{}{section.4}% 18
\BOOKMARK [2][-]{subsection.4.2}{}{section.4}% 19
\BOOKMARK [2][-]{subsection.4.3}{}{section.4}% 20
\BOOKMARK [2][-]{subsection.4.4}{}{section.4}% 21
